<?xml version="1.0" encoding="UTF-8"?>
<!-- Generated by org.testng.reporters.JUnitReportReporter -->
<testsuite hostname="Admin-PC" name="testcases.HomePageTest" tests="3" failures="0" timestamp="15 Sep 2018 04:33:54 GMT" time="139.230" errors="0">
  <testcase name="verifyContactsLinkTest" time="44.659" classname="testcases.HomePageTest"/>
  <testcase name="verifyHomePageTitleTest" time="29.301" classname="testcases.HomePageTest"/>
  <testcase name="verifyUserNameTest" time="65.270" classname="testcases.HomePageTest"/>
</testsuite> <!-- testcases.HomePageTest -->
