<?xml version="1.0" encoding="UTF-8"?>
<!-- Generated by org.testng.reporters.JUnitReportReporter -->
<testsuite hostname="Admin-PC" name="testcases.LoginPageTest" tests="4" failures="0" timestamp="15 Sep 2018 04:33:54 GMT" time="143.499" errors="0">
  <testcase name="validateTitleTest" time="24.674" classname="testcases.LoginPageTest"/>
  <testcase name="crmLogoTest" time="21.876" classname="testcases.LoginPageTest"/>
  <testcase name="testFeautureLink" time="39.827" classname="testcases.LoginPageTest"/>
  <testcase name="loginTest" time="57.122" classname="testcases.LoginPageTest"/>
</testsuite> <!-- testcases.LoginPageTest -->
