<?xml version="1.0" encoding="UTF-8"?>
<!-- Generated by org.testng.reporters.JUnitReportReporter -->
<testsuite hostname="Admin-PC" name="testcases.HomePageTest" tests="3" failures="0" timestamp="21 Sep 2018 04:56:52 GMT" time="271.940" errors="0">
  <testcase name="verifyHomePageTitleTest" time="57.087" classname="testcases.HomePageTest"/>
  <testcase name="verifyUserNameTest" time="103.635" classname="testcases.HomePageTest"/>
  <testcase name="verifyContactsLinkTest" time="111.218" classname="testcases.HomePageTest"/>
</testsuite> <!-- testcases.HomePageTest -->
