<?xml version="1.0" encoding="UTF-8"?>
<!-- Generated by org.testng.reporters.JUnitReportReporter -->
<testsuite hostname="Admin-PC" name="testcases.LoginPageTest" tests="4" failures="0" timestamp="21 Sep 2018 04:56:52 GMT" time="204.607" errors="0">
  <testcase name="validateTitleTest" time="27.162" classname="testcases.LoginPageTest"/>
  <testcase name="loginTest" time="60.340" classname="testcases.LoginPageTest"/>
  <testcase name="crmLogoTest" time="62.893" classname="testcases.LoginPageTest"/>
  <testcase name="testFeautureLink" time="54.212" classname="testcases.LoginPageTest"/>
</testsuite> <!-- testcases.LoginPageTest -->
